<?xml version="1.0" encoding="UTF-8"?>
<testng-results skipped="0" failed="0" ignored="0" total="1" passed="1">
  <reporter-output>
  </reporter-output>
  <suite name="Default suite" duration-ms="7172" started-at="2021-02-03T22:22:59 EST" finished-at="2021-02-03T22:23:06 EST">
    <groups>
    </groups>
    <test name="Default test" duration-ms="7172" started-at="2021-02-03T22:22:59 EST" finished-at="2021-02-03T22:23:06 EST">
      <class name="Test.SampleTest">
        <test-method status="PASS" signature="sample()[pri:0, instance:Test.SampleTest@167fdd33]" name="sample" duration-ms="7130" started-at="2021-02-03T22:22:59 EST" finished-at="2021-02-03T22:23:06 EST">
          <reporter-output>
          </reporter-output>
        </test-method> <!-- sample -->
      </class> <!-- Test.SampleTest -->
    </test> <!-- Default test -->
  </suite> <!-- Default suite -->
</testng-results>
